<html>
<head>
<title>TestNG:  Testing Of The-Internet</title>
<link href="../testng.css" rel="stylesheet" type="text/css" />
<link href="../my-testng.css" rel="stylesheet" type="text/css" />

<style type="text/css">
.log { display: none;} 
.stack-trace { display: none;} 
</style>
<script type="text/javascript">
<!--
function flip(e) {
  current = e.style.display;
  if (current == 'block') {
    e.style.display = 'none';
    return 0;
  }
  else {
    e.style.display = 'block';
    return 1;
  }
}

function toggleBox(szDivId, elem, msg1, msg2)
{
  var res = -1;  if (document.getElementById) {
    res = flip(document.getElementById(szDivId));
  }
  else if (document.all) {
    // this is the way old msie versions work
    res = flip(document.all[szDivId]);
  }
  if(elem) {
    if(res == 0) elem.innerHTML = msg1; else elem.innerHTML = msg2;
  }

}

function toggleAllBoxes() {
  if (document.getElementsByTagName) {
    d = document.getElementsByTagName('div');
    for (i = 0; i < d.length; i++) {
      if (d[i].className == 'log') {
        flip(d[i]);
      }
    }
  }
}

// -->
</script>

</head>
<body>
<h2 align='center'>Testing Of The-Internet</h2><table border='1' align="center">
<tr>
<td>Tests passed/Failed/Skipped:</td><td>25/1/0</td>
</tr><tr>
<td>Started on:</td><td>Mon Jun 29 11:09:51 IST 2020</td>
</tr>
<tr><td>Total time:</td><td>522 seconds (522266 ms)</td>
</tr><tr>
<td>Included groups:</td><td></td>
</tr><tr>
<td>Excluded groups:</td><td></td>
</tr>
</table><p/>
<small><i>(Hover the method name to see the test class name)</i></small><p/>
<table width='100%' border='1' class='invocation-failed'>
<tr><td colspan='4' align='center'><b>FAILED TESTS</b></td></tr>
<tr><td><b>Test method</b></td>
<td width="30%"><b>Exception</b></td>
<td width="10%"><b>Time (seconds)</b></td>
<td><b>Instance</b></td>
</tr>
<tr>
<td title='com.selenium.demo.tests.DisAppearingElePageTest.testGalleryButton()'><b>testGalleryButton</b><br>Test class: com.selenium.demo.tests.DisAppearingElePageTest</td>
<td><div><pre>org.openqa.selenium.NoSuchElementException: Unable to locate element: Gallery
For documentation on this error, please visit: https://www.seleniumhq.org/exceptions/no_such_element.html
Build info: version: &apos;3.141.59&apos;, revision: &apos;e82be7d358&apos;, time: &apos;2018-11-14T08:25:48&apos;
System info: host: &apos;DESKTOP-MEBP75C&apos;, ip: &apos;192.168.43.7&apos;, os.name: &apos;Windows 10&apos;, os.arch: &apos;amd64&apos;, os.version: &apos;10.0&apos;, java.version: &apos;1.8.0_171&apos;
Driver info: org.openqa.selenium.firefox.FirefoxDriver
Capabilities {acceptInsecureCerts: true, browserName: firefox, browserVersion: 77.0.1, javascriptEnabled: true, moz:accessibilityChecks: false, moz:buildID: 20200602222727, moz:geckodriverVersion: 0.26.0, moz:headless: false, moz:processID: 13128, moz:profile: C:\Users\Ashwini\AppData\Lo..., moz:shutdownTimeout: 60000, moz:useNonSpecCompliantPointerOrigin: false, moz:webdriverClick: true, pageLoadStrategy: normal, platform: WINDOWS, platformName: WINDOWS, platformVersion: 10.0, rotatable: false, setWindowRect: true, strictFileInteractability: false, timeouts: {implicit: 0, pageLoad: 300000, script: 30000}, unhandledPromptBehavior: dismiss and notify}
Session ID: 1afc4edb-90af-4715-b263-777ed4b3bb53
*** Element info: {Using=link text, value=Gallery}
	at org.openqa.selenium.remote.http.W3CHttpResponseCodec.createException(W3CHttpResponseCodec.java:187)
	at org.openqa.selenium.remote.http.W3CHttpResponseCodec.decode(W3CHttpResponseCodec.java:122)
	at org.openqa.selenium.remote.http.W3CHttpResponseCodec.decode(W3CHttpResponseCodec.java:49)
	at org.openqa.selenium.remote.HttpCommandExecutor.execute(HttpCommandExecutor.java:158)
	at org.openqa.selenium.remote.service.DriverCommandExecutor.execute(DriverCommandExecutor.java:83)
	at org.openqa.selenium.remote.RemoteWebDriver.execute(RemoteWebDriver.java:552)
	at org.openqa.selenium.remote.RemoteWebDriver.findElement(RemoteWebDriver.java:323)
	at org.openqa.selenium.remote.RemoteWebDriver.findElementByLinkText(RemoteWebDriver.java:380)
	at org.openqa.selenium.By$ByLinkText.findElement(By.java:220)
	at org.openqa.selenium.remote.RemoteWebDriver.findElement(RemoteWebDriver.java:315)
	at org.openqa.selenium.support.pagefactory.DefaultElementLocator.findElement(DefaultElementLocator.java:69)
	at org.openqa.selenium.support.pagefactory.internal.LocatingElementHandler.invoke(LocatingElementHandler.java:38)
	at com.sun.proxy.$Proxy9.isDisplayed(Unknown Source)
	at com.selenium.demo.pages.DisAppearingPage.clickOnGalleryButton(DisAppearingPage.java:147)
	at com.selenium.demo.tests.DisAppearingElePageTest.testGalleryButton(DisAppearingElePageTest.java:53)
	at java.util.ArrayList.forEach(ArrayList.java:1257)
... Removed 31 stack frames</pre></div><a href='#' onClick='toggleBox("stack-trace2050247525", this, "Click to show all stack frames", "Click to hide stack frames")'>Click to show all stack frames</a>
<div class='stack-trace' id='stack-trace2050247525'><pre>org.openqa.selenium.NoSuchElementException: Unable to locate element: Gallery
For documentation on this error, please visit: https://www.seleniumhq.org/exceptions/no_such_element.html
Build info: version: &apos;3.141.59&apos;, revision: &apos;e82be7d358&apos;, time: &apos;2018-11-14T08:25:48&apos;
System info: host: &apos;DESKTOP-MEBP75C&apos;, ip: &apos;192.168.43.7&apos;, os.name: &apos;Windows 10&apos;, os.arch: &apos;amd64&apos;, os.version: &apos;10.0&apos;, java.version: &apos;1.8.0_171&apos;
Driver info: org.openqa.selenium.firefox.FirefoxDriver
Capabilities {acceptInsecureCerts: true, browserName: firefox, browserVersion: 77.0.1, javascriptEnabled: true, moz:accessibilityChecks: false, moz:buildID: 20200602222727, moz:geckodriverVersion: 0.26.0, moz:headless: false, moz:processID: 13128, moz:profile: C:\Users\Ashwini\AppData\Lo..., moz:shutdownTimeout: 60000, moz:useNonSpecCompliantPointerOrigin: false, moz:webdriverClick: true, pageLoadStrategy: normal, platform: WINDOWS, platformName: WINDOWS, platformVersion: 10.0, rotatable: false, setWindowRect: true, strictFileInteractability: false, timeouts: {implicit: 0, pageLoad: 300000, script: 30000}, unhandledPromptBehavior: dismiss and notify}
Session ID: 1afc4edb-90af-4715-b263-777ed4b3bb53
*** Element info: {Using=link text, value=Gallery}
	at sun.reflect.NativeConstructorAccessorImpl.newInstance0(Native Method)
	at sun.reflect.NativeConstructorAccessorImpl.newInstance(NativeConstructorAccessorImpl.java:62)
	at sun.reflect.DelegatingConstructorAccessorImpl.newInstance(DelegatingConstructorAccessorImpl.java:45)
	at java.lang.reflect.Constructor.newInstance(Constructor.java:423)
	at org.openqa.selenium.remote.http.W3CHttpResponseCodec.createException(W3CHttpResponseCodec.java:187)
	at org.openqa.selenium.remote.http.W3CHttpResponseCodec.decode(W3CHttpResponseCodec.java:122)
	at org.openqa.selenium.remote.http.W3CHttpResponseCodec.decode(W3CHttpResponseCodec.java:49)
	at org.openqa.selenium.remote.HttpCommandExecutor.execute(HttpCommandExecutor.java:158)
	at org.openqa.selenium.remote.service.DriverCommandExecutor.execute(DriverCommandExecutor.java:83)
	at org.openqa.selenium.remote.RemoteWebDriver.execute(RemoteWebDriver.java:552)
	at org.openqa.selenium.remote.RemoteWebDriver.findElement(RemoteWebDriver.java:323)
	at org.openqa.selenium.remote.RemoteWebDriver.findElementByLinkText(RemoteWebDriver.java:380)
	at org.openqa.selenium.By$ByLinkText.findElement(By.java:220)
	at org.openqa.selenium.remote.RemoteWebDriver.findElement(RemoteWebDriver.java:315)
	at org.openqa.selenium.support.pagefactory.DefaultElementLocator.findElement(DefaultElementLocator.java:69)
	at org.openqa.selenium.support.pagefactory.internal.LocatingElementHandler.invoke(LocatingElementHandler.java:38)
	at com.sun.proxy.$Proxy9.isDisplayed(Unknown Source)
	at com.selenium.demo.pages.DisAppearingPage.clickOnGalleryButton(DisAppearingPage.java:147)
	at com.selenium.demo.tests.DisAppearingElePageTest.testGalleryButton(DisAppearingElePageTest.java:53)
	at sun.reflect.NativeMethodAccessorImpl.invoke0(Native Method)
	at sun.reflect.NativeMethodAccessorImpl.invoke(NativeMethodAccessorImpl.java:62)
	at sun.reflect.DelegatingMethodAccessorImpl.invoke(DelegatingMethodAccessorImpl.java:43)
	at java.lang.reflect.Method.invoke(Method.java:498)
	at org.testng.internal.MethodInvocationHelper.invokeMethod(MethodInvocationHelper.java:135)
	at org.testng.internal.TestInvoker.invokeMethod(TestInvoker.java:598)
	at org.testng.internal.TestInvoker.invokeTestMethod(TestInvoker.java:174)
	at org.testng.internal.MethodRunner.runInSequence(MethodRunner.java:46)
	at org.testng.internal.TestInvoker$MethodInvocationAgent.invoke(TestInvoker.java:821)
	at org.testng.internal.TestInvoker.invokeTestMethods(TestInvoker.java:147)
	at org.testng.internal.TestMethodWorker.invokeTestMethods(TestMethodWorker.java:146)
	at org.testng.internal.TestMethodWorker.run(TestMethodWorker.java:128)
	at java.util.ArrayList.forEach(ArrayList.java:1257)
	at org.testng.TestRunner.privateRun(TestRunner.java:767)
	at org.testng.TestRunner.run(TestRunner.java:588)
	at org.testng.SuiteRunner.runTest(SuiteRunner.java:384)
	at org.testng.SuiteRunner.runSequentially(SuiteRunner.java:378)
	at org.testng.SuiteRunner.privateRun(SuiteRunner.java:337)
	at org.testng.SuiteRunner.run(SuiteRunner.java:286)
	at org.testng.SuiteRunnerWorker.runSuite(SuiteRunnerWorker.java:53)
	at org.testng.SuiteRunnerWorker.run(SuiteRunnerWorker.java:96)
	at org.testng.TestNG.runSuitesSequentially(TestNG.java:1214)
	at org.testng.TestNG.runSuitesLocally(TestNG.java:1136)
	at org.testng.TestNG.runSuites(TestNG.java:1066)
	at org.testng.TestNG.run(TestNG.java:1034)
	at org.testng.remote.AbstractRemoteTestNG.run(AbstractRemoteTestNG.java:115)
	at org.testng.remote.RemoteTestNG.initAndRun(RemoteTestNG.java:251)
	at org.testng.remote.RemoteTestNG.main(RemoteTestNG.java:77)
</pre></div></td>
<td>61</td>
<td>com.selenium.demo.tests.DisAppearingElePageTest@631330c</td></tr>
</table><p>
<table width='100%' border='1' class='invocation-passed'>
<tr><td colspan='4' align='center'><b>PASSED TESTS</b></td></tr>
<tr><td><b>Test method</b></td>
<td width="30%"><b>Exception</b></td>
<td width="10%"><b>Time (seconds)</b></td>
<td><b>Instance</b></td>
</tr>
<tr>
<td title='com.selenium.demo.tests.BasicAuthTest.sucessTestAuthontication()'><b>sucessTestAuthontication</b><br>Test class: com.selenium.demo.tests.BasicAuthTest</td>
<td></td>
<td>6</td>
<td>com.selenium.demo.tests.BasicAuthTest@1a8a8f7c</td></tr>
<tr>
<td title='com.selenium.demo.tests.DisAppearingElePageTest.testAboutBox()'><b>testAboutBox</b><br>Test class: com.selenium.demo.tests.DisAppearingElePageTest</td>
<td></td>
<td>4</td>
<td>com.selenium.demo.tests.DisAppearingElePageTest@631330c</td></tr>
<tr>
<td title='com.selenium.demo.tests.TestARElements.testAddButton()'><b>testAddButton</b><br>Test class: com.selenium.demo.tests.TestARElements</td>
<td></td>
<td>2</td>
<td>com.selenium.demo.tests.TestARElements@6f195bc3</td></tr>
<tr>
<td title='com.selenium.demo.tests.ContextMenuPageTest.testAlertBox()'><b>testAlertBox</b><br>Test class: com.selenium.demo.tests.ContextMenuPageTest</td>
<td></td>
<td>5</td>
<td>com.selenium.demo.tests.ContextMenuPageTest@2353b3e6</td></tr>
<tr>
<td title='com.selenium.demo.tests.DisAppearingElePageTest.testContactUsButton()'><b>testContactUsButton</b><br>Test class: com.selenium.demo.tests.DisAppearingElePageTest</td>
<td></td>
<td>2</td>
<td>com.selenium.demo.tests.DisAppearingElePageTest@631330c</td></tr>
<tr>
<td title='com.selenium.demo.tests.TestABElements.testContent()'><b>testContent</b><br>Test class: com.selenium.demo.tests.TestABElements</td>
<td></td>
<td>1</td>
<td>com.selenium.demo.tests.TestABElements@7a187f14</td></tr>
<tr>
<td title='com.selenium.demo.tests.TestARElements.testDelButton()'><b>testDelButton</b><br>Test class: com.selenium.demo.tests.TestARElements</td>
<td></td>
<td>1</td>
<td>com.selenium.demo.tests.TestARElements@6f195bc3</td></tr>
<tr>
<td title='com.selenium.demo.tests.TestHomePage.testFirstHeader()'><b>testFirstHeader</b><br>Test class: com.selenium.demo.tests.TestHomePage</td>
<td></td>
<td>0</td>
<td>com.selenium.demo.tests.TestHomePage@307f6b8c</td></tr>
<tr>
<td title='com.selenium.demo.tests.TestABElements.testHeader()'><b>testHeader</b><br>Test class: com.selenium.demo.tests.TestABElements</td>
<td></td>
<td>2</td>
<td>com.selenium.demo.tests.TestABElements@7a187f14</td></tr>
<tr>
<td title='com.selenium.demo.tests.TestARElements.testHeader()'><b>testHeader</b><br>Test class: com.selenium.demo.tests.TestARElements</td>
<td></td>
<td>2</td>
<td>com.selenium.demo.tests.TestARElements@6f195bc3</td></tr>
<tr>
<td title='com.selenium.demo.tests.CheckBoxPageTest.testHeaderCheckBox()'><b>testHeaderCheckBox</b><br>Test class: com.selenium.demo.tests.CheckBoxPageTest</td>
<td></td>
<td>2</td>
<td>com.selenium.demo.tests.CheckBoxPageTest@51e2adc7</td></tr>
<tr>
<td title='com.selenium.demo.tests.ContextMenuPageTest.testHeaderCheckBox()'><b>testHeaderCheckBox</b><br>Test class: com.selenium.demo.tests.ContextMenuPageTest</td>
<td></td>
<td>3</td>
<td>com.selenium.demo.tests.ContextMenuPageTest@2353b3e6</td></tr>
<tr>
<td title='com.selenium.demo.tests.DragAndDropPageTest.testHeaderCheckBox()'><b>testHeaderCheckBox</b><br>Test class: com.selenium.demo.tests.DragAndDropPageTest</td>
<td></td>
<td>4</td>
<td>com.selenium.demo.tests.DragAndDropPageTest@42f93a98</td></tr>
<tr>
<td title='com.selenium.demo.tests.DropDownPageTest.testHeaderOfDropDown()'><b>testHeaderOfDropDown</b><br>Test class: com.selenium.demo.tests.DropDownPageTest</td>
<td></td>
<td>3</td>
<td>com.selenium.demo.tests.DropDownPageTest@c46bcd4</td></tr>
<tr>
<td title='com.selenium.demo.tests.DisAppearingElePageTest.testHomeButton()'><b>testHomeButton</b><br>Test class: com.selenium.demo.tests.DisAppearingElePageTest</td>
<td></td>
<td>3</td>
<td>com.selenium.demo.tests.DisAppearingElePageTest@631330c</td></tr>
<tr>
<td title='com.selenium.demo.tests.DropDownPageTest.testOption1()'><b>testOption1</b><br>Test class: com.selenium.demo.tests.DropDownPageTest</td>
<td></td>
<td>1</td>
<td>com.selenium.demo.tests.DropDownPageTest@c46bcd4</td></tr>
<tr>
<td title='com.selenium.demo.tests.DropDownPageTest.testOption2()'><b>testOption2</b><br>Test class: com.selenium.demo.tests.DropDownPageTest</td>
<td></td>
<td>1</td>
<td>com.selenium.demo.tests.DropDownPageTest@c46bcd4</td></tr>
<tr>
<td title='com.selenium.demo.tests.DisAppearingElePageTest.testPortfolio()'><b>testPortfolio</b><br>Test class: com.selenium.demo.tests.DisAppearingElePageTest</td>
<td></td>
<td>2</td>
<td>com.selenium.demo.tests.DisAppearingElePageTest@631330c</td></tr>
<tr>
<td title='com.selenium.demo.tests.CheckBoxPageTest.testSecndCheckBox()'><b>testSecndCheckBox</b><br>Test class: com.selenium.demo.tests.CheckBoxPageTest</td>
<td></td>
<td>1</td>
<td>com.selenium.demo.tests.CheckBoxPageTest@51e2adc7</td></tr>
<tr>
<td title='com.selenium.demo.tests.ContextMenuPageTest.testSecndCheckBox()'><b>testSecndCheckBox</b><br>Test class: com.selenium.demo.tests.ContextMenuPageTest</td>
<td></td>
<td>1</td>
<td>com.selenium.demo.tests.ContextMenuPageTest@2353b3e6</td></tr>
<tr>
<td title='com.selenium.demo.tests.TestHomePage.testSecondHeader()'><b>testSecondHeader</b><br>Test class: com.selenium.demo.tests.TestHomePage</td>
<td></td>
<td>0</td>
<td>com.selenium.demo.tests.TestHomePage@307f6b8c</td></tr>
<tr>
<td title='com.selenium.demo.tests.DropDownPageTest.testdefaultValue()'><b>testdefaultValue</b><br>Test class: com.selenium.demo.tests.DropDownPageTest</td>
<td></td>
<td>1</td>
<td>com.selenium.demo.tests.DropDownPageTest@c46bcd4</td></tr>
<tr>
<td title='com.selenium.demo.tests.CheckBoxPageTest.testfrstCheckBox()'><b>testfrstCheckBox</b><br>Test class: com.selenium.demo.tests.CheckBoxPageTest</td>
<td></td>
<td>1</td>
<td>com.selenium.demo.tests.CheckBoxPageTest@51e2adc7</td></tr>
<tr>
<td title='com.selenium.demo.tests.ContextMenuPageTest.testfrstStmt()'><b>testfrstStmt</b><br>Test class: com.selenium.demo.tests.ContextMenuPageTest</td>
<td></td>
<td>1</td>
<td>com.selenium.demo.tests.ContextMenuPageTest@2353b3e6</td></tr>
<tr>
<td title='com.selenium.demo.tests.TestHomePage.tsetClickOnLink()'><b>tsetClickOnLink</b><br>Test class: com.selenium.demo.tests.TestHomePage</td>
<td></td>
<td>136</td>
<td>com.selenium.demo.tests.TestHomePage@307f6b8c</td></tr>
</table><p>
</body>
</html>