<?xml version="1.0" encoding="UTF-8"?>
<!-- Generated by org.testng.reporters.JUnitXMLReporter -->
<testsuite hostname="DESKTOP-MEBP75C" ignored="0" name="Testing Of The-Internet" tests="26" failures="1" timestamp="2020-06-29T11:18:33 IST" time="522.266" errors="0">
  <testcase name="testFirstHeader" time="0.725" classname="com.selenium.demo.tests.TestHomePage"/>
  <testcase name="testSecondHeader" time="0.533" classname="com.selenium.demo.tests.TestHomePage"/>
  <testcase name="tsetClickOnLink" time="136.502" classname="com.selenium.demo.tests.TestHomePage"/>
  <testcase name="testHeader" time="2.752" classname="com.selenium.demo.tests.TestABElements"/>
  <testcase name="testContent" time="1.529" classname="com.selenium.demo.tests.TestABElements"/>
  <testcase name="testHeader" time="2.704" classname="com.selenium.demo.tests.TestARElements"/>
  <testcase name="testAddButton" time="2.047" classname="com.selenium.demo.tests.TestARElements"/>
  <testcase name="testDelButton" time="1.883" classname="com.selenium.demo.tests.TestARElements"/>
  <testcase name="testHeaderCheckBox" time="2.506" classname="com.selenium.demo.tests.CheckBoxPageTest"/>
  <testcase name="testfrstCheckBox" time="1.815" classname="com.selenium.demo.tests.CheckBoxPageTest"/>
  <testcase name="testSecndCheckBox" time="1.567" classname="com.selenium.demo.tests.CheckBoxPageTest"/>
  <testcase name="sucessTestAuthontication" time="6.542" classname="com.selenium.demo.tests.BasicAuthTest"/>
  <testcase name="testHeaderCheckBox" time="3.751" classname="com.selenium.demo.tests.ContextMenuPageTest"/>
  <testcase name="testfrstStmt" time="1.531" classname="com.selenium.demo.tests.ContextMenuPageTest"/>
  <testcase name="testSecndCheckBox" time="1.538" classname="com.selenium.demo.tests.ContextMenuPageTest"/>
  <testcase name="testAlertBox" time="5.365" classname="com.selenium.demo.tests.ContextMenuPageTest"/>
  <testcase name="testAboutBox" time="4.093" classname="com.selenium.demo.tests.DisAppearingElePageTest"/>
  <testcase name="testContactUsButton" time="2.537" classname="com.selenium.demo.tests.DisAppearingElePageTest"/>
  <testcase name="testPortfolio" time="2.555" classname="com.selenium.demo.tests.DisAppearingElePageTest"/>
  <testcase name="testGalleryButton" time="61.77" classname="com.selenium.demo.tests.DisAppearingElePageTest">
    <failure type="org.openqa.selenium.NoSuchElementException" message="Unable to locate element: Gallery
For documentation on this error, please visit: https://www.seleniumhq.org/exceptions/no_such_element.html
Build info: version: &amp;apos;3.141.59&amp;apos;, revision: &amp;apos;e82be7d358&amp;apos;, time: &amp;apos;2018-11-14T08:25:48&amp;apos;
System info: host: &amp;apos;DESKTOP-MEBP75C&amp;apos;, ip: &amp;apos;192.168.43.7&amp;apos;, os.name: &amp;apos;Windows 10&amp;apos;, os.arch: &amp;apos;amd64&amp;apos;, os.version: &amp;apos;10.0&amp;apos;, java.version: &amp;apos;1.8.0_171&amp;apos;
Driver info: org.openqa.selenium.firefox.FirefoxDriver
Capabilities {acceptInsecureCerts: true, browserName: firefox, browserVersion: 77.0.1, javascriptEnabled: true, moz:accessibilityChecks: false, moz:buildID: 20200602222727, moz:geckodriverVersion: 0.26.0, moz:headless: false, moz:processID: 13128, moz:profile: C:\Users\Ashwini\AppData\Lo..., moz:shutdownTimeout: 60000, moz:useNonSpecCompliantPointerOrigin: false, moz:webdriverClick: true, pageLoadStrategy: normal, platform: WINDOWS, platformName: WINDOWS, platformVersion: 10.0, rotatable: false, setWindowRect: true, strictFileInteractability: false, timeouts: {implicit: 0, pageLoad: 300000, script: 30000}, unhandledPromptBehavior: dismiss and notify}
Session ID: 1afc4edb-90af-4715-b263-777ed4b3bb53
*** Element info: {Using=link text, value=Gallery}">
      <![CDATA[org.openqa.selenium.NoSuchElementException: Unable to locate element: Gallery
For documentation on this error, please visit: https://www.seleniumhq.org/exceptions/no_such_element.html
Build info: version: '3.141.59', revision: 'e82be7d358', time: '2018-11-14T08:25:48'
System info: host: 'DESKTOP-MEBP75C', ip: '192.168.43.7', os.name: 'Windows 10', os.arch: 'amd64', os.version: '10.0', java.version: '1.8.0_171'
Driver info: org.openqa.selenium.firefox.FirefoxDriver
Capabilities {acceptInsecureCerts: true, browserName: firefox, browserVersion: 77.0.1, javascriptEnabled: true, moz:accessibilityChecks: false, moz:buildID: 20200602222727, moz:geckodriverVersion: 0.26.0, moz:headless: false, moz:processID: 13128, moz:profile: C:\Users\Ashwini\AppData\Lo..., moz:shutdownTimeout: 60000, moz:useNonSpecCompliantPointerOrigin: false, moz:webdriverClick: true, pageLoadStrategy: normal, platform: WINDOWS, platformName: WINDOWS, platformVersion: 10.0, rotatable: false, setWindowRect: true, strictFileInteractability: false, timeouts: {implicit: 0, pageLoad: 300000, script: 30000}, unhandledPromptBehavior: dismiss and notify}
Session ID: 1afc4edb-90af-4715-b263-777ed4b3bb53
*** Element info: {Using=link text, value=Gallery}
at org.openqa.selenium.remote.http.W3CHttpResponseCodec.createException(W3CHttpResponseCodec.java:187)
at org.openqa.selenium.remote.http.W3CHttpResponseCodec.decode(W3CHttpResponseCodec.java:122)
at org.openqa.selenium.remote.http.W3CHttpResponseCodec.decode(W3CHttpResponseCodec.java:49)
at org.openqa.selenium.remote.HttpCommandExecutor.execute(HttpCommandExecutor.java:158)
at org.openqa.selenium.remote.service.DriverCommandExecutor.execute(DriverCommandExecutor.java:83)
at org.openqa.selenium.remote.RemoteWebDriver.execute(RemoteWebDriver.java:552)
at org.openqa.selenium.remote.RemoteWebDriver.findElement(RemoteWebDriver.java:323)
at org.openqa.selenium.remote.RemoteWebDriver.findElementByLinkText(RemoteWebDriver.java:380)
at org.openqa.selenium.By$ByLinkText.findElement(By.java:220)
at org.openqa.selenium.remote.RemoteWebDriver.findElement(RemoteWebDriver.java:315)
at org.openqa.selenium.support.pagefactory.DefaultElementLocator.findElement(DefaultElementLocator.java:69)
at org.openqa.selenium.support.pagefactory.internal.LocatingElementHandler.invoke(LocatingElementHandler.java:38)
at com.sun.proxy.$Proxy9.isDisplayed(Unknown Source)
at com.selenium.demo.pages.DisAppearingPage.clickOnGalleryButton(DisAppearingPage.java:147)
at com.selenium.demo.tests.DisAppearingElePageTest.testGalleryButton(DisAppearingElePageTest.java:53)
at java.util.ArrayList.forEach(ArrayList.java:1257)
... Removed 31 stack frames]]>
    </failure>
  </testcase> <!-- testGalleryButton -->
  <testcase name="testHomeButton" time="3.247" classname="com.selenium.demo.tests.DisAppearingElePageTest"/>
  <testcase name="testHeaderCheckBox" time="4.798" classname="com.selenium.demo.tests.DragAndDropPageTest"/>
  <testcase name="testHeaderOfDropDown" time="3.015" classname="com.selenium.demo.tests.DropDownPageTest"/>
  <testcase name="testdefaultValue" time="1.639" classname="com.selenium.demo.tests.DropDownPageTest"/>
  <testcase name="testOption1" time="1.858" classname="com.selenium.demo.tests.DropDownPageTest"/>
  <testcase name="testOption2" time="1.904" classname="com.selenium.demo.tests.DropDownPageTest"/>
</testsuite> <!-- Testing Of The-Internet -->
