<?xml version="1.0" encoding="UTF-8"?>
<testng-results skipped="0" failed="1" ignored="0" total="4" passed="3">
  <reporter-output>
  </reporter-output>
  <suite name="Default suite" duration-ms="26337" started-at="2020-06-30T14:33:23 IST" finished-at="2020-06-30T14:33:49 IST">
    <groups>
    </groups>
    <test name="Default test" duration-ms="26337" started-at="2020-06-30T14:33:23 IST" finished-at="2020-06-30T14:33:49 IST">
      <class name="com.api.demo.testing.RestAPITesting">
        <test-method status="FAIL" signature="posttesting()[pri:0, instance:com.api.demo.testing.RestAPITesting@25af5db5]" name="posttesting" duration-ms="21688" started-at="2020-06-30T14:33:23 IST" finished-at="2020-06-30T14:33:45 IST">
          <exception class="java.lang.AssertionError">
            <message>
              <![CDATA[expected [201] but found [200]]]>
            </message>
            <full-stacktrace>
              <![CDATA[java.lang.AssertionError: expected [201] but found [200]
at org.testng.Assert.fail(Assert.java:97)
at org.testng.Assert.assertEqualsImpl(Assert.java:136)
at org.testng.Assert.assertEquals(Assert.java:118)
at org.testng.Assert.assertEquals(Assert.java:839)
at org.testng.Assert.assertEquals(Assert.java:849)
at com.api.demo.testing.RestAPITesting.posttesting(RestAPITesting.java:71)
at sun.reflect.NativeMethodAccessorImpl.invoke0(Native Method)
at sun.reflect.NativeMethodAccessorImpl.invoke(NativeMethodAccessorImpl.java:62)
at sun.reflect.DelegatingMethodAccessorImpl.invoke(DelegatingMethodAccessorImpl.java:43)
at java.lang.reflect.Method.invoke(Method.java:498)
at org.testng.internal.MethodInvocationHelper.invokeMethod(MethodInvocationHelper.java:135)
at org.testng.internal.TestInvoker.invokeMethod(TestInvoker.java:598)
at org.testng.internal.TestInvoker.invokeTestMethod(TestInvoker.java:174)
at org.testng.internal.MethodRunner.runInSequence(MethodRunner.java:46)
at org.testng.internal.TestInvoker$MethodInvocationAgent.invoke(TestInvoker.java:821)
at org.testng.internal.TestInvoker.invokeTestMethods(TestInvoker.java:147)
at org.testng.internal.TestMethodWorker.invokeTestMethods(TestMethodWorker.java:146)
at org.testng.internal.TestMethodWorker.run(TestMethodWorker.java:128)
at java.util.ArrayList.forEach(ArrayList.java:1257)
at org.testng.TestRunner.privateRun(TestRunner.java:767)
at org.testng.TestRunner.run(TestRunner.java:588)
at org.testng.SuiteRunner.runTest(SuiteRunner.java:384)
at org.testng.SuiteRunner.runSequentially(SuiteRunner.java:378)
at org.testng.SuiteRunner.privateRun(SuiteRunner.java:337)
at org.testng.SuiteRunner.run(SuiteRunner.java:286)
at org.testng.SuiteRunnerWorker.runSuite(SuiteRunnerWorker.java:53)
at org.testng.SuiteRunnerWorker.run(SuiteRunnerWorker.java:96)
at org.testng.TestNG.runSuitesSequentially(TestNG.java:1214)
at org.testng.TestNG.runSuitesLocally(TestNG.java:1136)
at org.testng.TestNG.runSuites(TestNG.java:1066)
at org.testng.TestNG.run(TestNG.java:1034)
at org.testng.remote.AbstractRemoteTestNG.run(AbstractRemoteTestNG.java:115)
at org.testng.remote.RemoteTestNG.initAndRun(RemoteTestNG.java:251)
at org.testng.remote.RemoteTestNG.main(RemoteTestNG.java:77)
]]>
            </full-stacktrace>
          </exception> <!-- java.lang.AssertionError -->
          <reporter-output>
          </reporter-output>
        </test-method> <!-- posttesting -->
        <test-method status="PASS" signature="testStatusCode()[pri:0, instance:com.api.demo.testing.RestAPITesting@25af5db5]" name="testStatusCode" duration-ms="535" started-at="2020-06-30T14:33:45 IST" description="Test the status code of the request" finished-at="2020-06-30T14:33:45 IST">
          <reporter-output>
          </reporter-output>
        </test-method> <!-- testStatusCode -->
        <test-method status="PASS" signature="status()[pri:1, instance:com.api.demo.testing.RestAPITesting@25af5db5]" name="status" duration-ms="3602" started-at="2020-06-30T14:33:45 IST" description="Test status of request" finished-at="2020-06-30T14:33:49 IST">
          <reporter-output>
          </reporter-output>
        </test-method> <!-- status -->
        <test-method status="PASS" signature="empName()[pri:2, instance:com.api.demo.testing.RestAPITesting@25af5db5]" name="empName" duration-ms="213" started-at="2020-06-30T14:33:49 IST" description="Test the first employee name" finished-at="2020-06-30T14:33:49 IST">
          <reporter-output>
          </reporter-output>
        </test-method> <!-- empName -->
      </class> <!-- com.api.demo.testing.RestAPITesting -->
    </test> <!-- Default test -->
  </suite> <!-- Default suite -->
</testng-results>
